Arguments: 
  C:\Program Files\nodejs\node.exe C:\Users\krijo\AppData\Roaming\npm\node_modules\yarn\bin\yarn.js add --exact --dev typescript @types/react @types/node

PATH: 
  C:\myPets\Tarot\frontend\node_modules\.bin;C:\myPets\Tarot\node_modules\.bin;C:\myPets\node_modules\.bin;C:\node_modules\.bin;C:\Users\krijo\AppData\Roaming\nvm\v24.12.0\node_modules\npm\node_modules\@npmcli\run-script\lib\node-gyp-bin;c:\Users\krijo\AppData\Local\Programs\cursor\resources\app\node_modules\@vscode\ripgrep\bin;C:\WINDOWS\system32;C:\WINDOWS;C:\WINDOWS\System32\Wbem;C:\WINDOWS\System32\WindowsPowerShell\v1.0\;C:\WINDOWS\System32\OpenSSH\;C:\Program Files\Git\cmd;C:\Users\krijo\AppData\Roaming\nvm;C:\Program Files\nodejs;C:\Program Files (x86)\dotnet\;C:\Program Files\dotnet\;C:\Program Files\PuTTY\;C:\Program Files\Docker\Docker\resources\bin;C:\Users\krijo\AppData\Local\Programs\Python\Python310\Scripts\;C:\Users\krijo\AppData\Local\Programs\Python\Python310\;C:\Users\krijo\AppData\Local\Programs\Python\Python313\Scripts\;C:\Users\krijo\AppData\Local\Programs\Python\Python313\;C:\Users\krijo\AppData\Local\Programs\Python\Python312\Scripts\;C:\Users\krijo\AppData\Local\Programs\Python\Python312\;C:\Users\krijo\AppData\Local\Programs\Python\Launcher\;C:\Users\krijo\AppData\Local\Microsoft\WindowsApps;C:\Users\krijo\AppData\Local\Programs\Microsoft VS Code\bin;C:\Users\krijo\AppData\Roaming\npm;C:\Users\krijo\AppData\Roaming\nvm;C:\Program Files\nodejs;C:\Users\krijo\AppData\Local\Programs\mongosh\;C:\Users\krijo\AppData\Local\Programs\cursor\resources\app\bin

Yarn version: 
  1.22.18

Node version: 
  24.12.0

Platform: 
  win32 x64

Trace: 
  Error: EPERM: operation not permitted, unlink 'C:\myPets\Tarot\node_modules\@next\swc-win32-x64-msvc\next-swc.win32-x64-msvc.node'

npm manifest: 
  {
    "name": "frontend",
    "version": "0.1.0",
    "private": true,
    "scripts": {
      "build": "next build",
      "dev": "next dev --port 3001",
      "lint": "eslint",
      "start": "next start",
      "test": "vitest run",
      "test:watch": "vitest"
    },
    "dependencies": {
      "@tailwindcss/postcss": "^4",
      "dotenv": "^17.2.3",
      "motion": "^12.40.0",
      "next": "16.2.9",
      "next-intl": "^4.13.1",
      "react": "19.2.4",
      "react-dom": "19.2.4",
      "tailwindcss": "^4"
    },
    "devDependencies": {
      "@types/node": "^20",
      "@types/react": "^19",
      "@types/react-dom": "^19",
      "eslint": "^9",
      "eslint-config-next": "16.2.9",
      "typescript": "^5",
      "vitest": "^3.2.4"
    }
  }

yarn manifest: 
  No manifest

Lockfile: 
  No lockfile
